<?xml version="1.0" encoding="UTF-8"?>
<!-- Generated by org.testng.reporters.JUnitReportReporter -->
<testsuite hostname="LIN51009564" failures="0" tests="1" name="Runners.LoginRun" time="85.542" errors="0" timestamp="2023-01-02T11:31:55 IST" skipped="0">
  <testcase classname="Runners.LoginRun" name="runScenario" time="85.542"/>
  <system-out/>
</testsuite> <!-- Runners.LoginRun -->
