<?xml version="1.0" encoding="UTF-8"?>
<!-- Generated by org.testng.reporters.JUnitReportReporter -->
<testsuite hostname="LIN51009564" failures="0" tests="1" name="Runners.RemRun" time="98.165" errors="0" timestamp="2022-11-29T15:50:09 IST" skipped="0">
  <testcase classname="Runners.RemRun" name="runScenario" time="98.165"/>
  <system-out/>
</testsuite> <!-- Runners.RemRun -->
