<?xml version="1.0" encoding="UTF-8"?>
<!-- Generated by org.testng.reporters.JUnitReportReporter -->
<testsuite hostname="LIN51009564" failures="0" tests="2" name="Runners.AddRun" time="140.665" errors="0" timestamp="2022-11-28T22:56:41 IST" skipped="0">
  <testcase classname="Runners.AddRun" name="runScenario" time="65.523"/>
  <system-out/>
  <testcase classname="Runners.AddRun" name="runScenario" time="75.142"/>
  <system-out/>
</testsuite> <!-- Runners.AddRun -->
